{"name": "test_add[6-6-5]", "status": "failed", "statusDetails": {"message": "AssertionError: assert 5 == 12\n +  where 12 = <bound method Calculator.add of <testcase.test_pytest_allure.calc.Calculator object at 0x000001D9D5EA4BB0>>(6, 6)\n +    where <bound method Calculator.add of <testcase.test_pytest_allure.calc.Calculator object at 0x000001D9D5EA4BB0>> = <testcase.test_pytest_allure.calc.Calculator object at 0x000001D9D5EA4BB0>.add\n +      where <testcase.test_pytest_allure.calc.Calculator object at 0x000001D9D5EA4BB0> = <testcase.test_pytest_allure.test_calc.TestCalc object at 0x000001D9D5E85A60>.calc", "trace": "self = <testcase.test_pytest_allure.test_calc.TestCalc object at 0x000001D9D5E85A60>, a = 6, b = 6, c = 5\n\n    @pytest.mark.parametrize('a,b,c',[\n        (1,1,2),\n        (0.1,0.1,0.2),\n        (-1,-1,-2),\n        (2,2,3),\n        (1000,1000,2000),\n        (6,6,5)\n    ])\n    def test_add(self,a,b,c):\n>       assert c == self.calc.add(a,b)\nE       assert 5 == 12\nE        +  where 12 = <bound method Calculator.add of <testcase.test_pytest_allure.calc.Calculator object at 0x000001D9D5EA4BB0>>(6, 6)\nE        +    where <bound method Calculator.add of <testcase.test_pytest_allure.calc.Calculator object at 0x000001D9D5EA4BB0>> = <testcase.test_pytest_allure.calc.Calculator object at 0x000001D9D5EA4BB0>.add\nE        +      where <testcase.test_pytest_allure.calc.Calculator object at 0x000001D9D5EA4BB0> = <testcase.test_pytest_allure.test_calc.TestCalc object at 0x000001D9D5E85A60>.calc\n\ntestcase\\test_pytest_allure\\test_calc.py:28: AssertionError"}, "attachments": [{"name": "stdout", "source": "065b0b43-87f2-4039-a699-05b1e43a3c2a-attachment.txt", "type": "text/plain"}], "parameters": [{"name": "a", "value": "6"}, {"name": "b", "value": "6"}, {"name": "c", "value": "5"}], "start": 1595607007591, "stop": 1595607007606, "uuid": "49f43466-d53e-4205-9ca5-7c5a90197ff7", "historyId": "ef7185c29c1d9b8ca0fe5139f5cefc10", "testCaseId": "95a6af75695607f69fc5bbeb03b8ae46", "fullName": "testcase.test_pytest_allure.test_calc.TestCalc#test_add", "labels": [{"name": "parentSuite", "value": "testcase.test_pytest_allure"}, {"name": "suite", "value": "test_calc"}, {"name": "subSuite", "value": "TestCalc"}, {"name": "host", "value": "PC-20200520ZXJL"}, {"name": "thread", "value": "9468-MainThread"}, {"name": "framework", "value": "pytest"}, {"name": "language", "value": "cpython3"}, {"name": "package", "value": "testcase.test_pytest_allure.test_calc"}]}