{"name": "test_add[2-2-3]", "status": "failed", "statusDetails": {"message": "AssertionError: assert 3 == 4\n +  where 4 = <bound method Calculator.add of <testcase.test_pytest_allure.calc.Calculator object at 0x000001D9D5E85640>>(2, 2)\n +    where <bound method Calculator.add of <testcase.test_pytest_allure.calc.Calculator object at 0x000001D9D5E85640>> = <testcase.test_pytest_allure.calc.Calculator object at 0x000001D9D5E85640>.add\n +      where <testcase.test_pytest_allure.calc.Calculator object at 0x000001D9D5E85640> = <testcase.test_pytest_allure.test_calc.TestCalc object at 0x000001D9D5E85490>.calc", "trace": "self = <testcase.test_pytest_allure.test_calc.TestCalc object at 0x000001D9D5E85490>, a = 2, b = 2, c = 3\n\n    @pytest.mark.parametrize('a,b,c',[\n        (1,1,2),\n        (0.1,0.1,0.2),\n        (-1,-1,-2),\n        (2,2,3),\n        (1000,1000,2000),\n        (6,6,5)\n    ])\n    def test_add(self,a,b,c):\n>       assert c == self.calc.add(a,b)\nE       assert 3 == 4\nE        +  where 4 = <bound method Calculator.add of <testcase.test_pytest_allure.calc.Calculator object at 0x000001D9D5E85640>>(2, 2)\nE        +    where <bound method Calculator.add of <testcase.test_pytest_allure.calc.Calculator object at 0x000001D9D5E85640>> = <testcase.test_pytest_allure.calc.Calculator object at 0x000001D9D5E85640>.add\nE        +      where <testcase.test_pytest_allure.calc.Calculator object at 0x000001D9D5E85640> = <testcase.test_pytest_allure.test_calc.TestCalc object at 0x000001D9D5E85490>.calc\n\ntestcase\\test_pytest_allure\\test_calc.py:28: AssertionError"}, "attachments": [{"name": "stdout", "source": "ee81e825-4211-454b-9d5a-001799c70062-attachment.txt", "type": "text/plain"}], "parameters": [{"name": "a", "value": "2"}, {"name": "b", "value": "2"}, {"name": "c", "value": "3"}], "start": 1595607007337, "stop": 1595607007337, "uuid": "bf6f471f-e476-45ce-8ebf-0f8fa88c5567", "historyId": "5753c6e6f06a78b49949dcfb5b405387", "testCaseId": "95a6af75695607f69fc5bbeb03b8ae46", "fullName": "testcase.test_pytest_allure.test_calc.TestCalc#test_add", "labels": [{"name": "parentSuite", "value": "testcase.test_pytest_allure"}, {"name": "suite", "value": "test_calc"}, {"name": "subSuite", "value": "TestCalc"}, {"name": "host", "value": "PC-20200520ZXJL"}, {"name": "thread", "value": "9468-MainThread"}, {"name": "framework", "value": "pytest"}, {"name": "language", "value": "cpython3"}, {"name": "package", "value": "testcase.test_pytest_allure.test_calc"}]}